2024-06-10 20:40:10.349 [background-preinit] INFO  o.h.validator.internal.util.Version - HV000001: Hibernate Validator 8.0.1.Final 
2024-06-10 20:40:10.407 [main] INFO  c.fashion.server.ServerApplication - Starting ServerApplication using Java 17.0.10 with PID 13844 (D:\Myproject\FashionStore\server\target\classes started by Truong Bui in D:\Myproject\FashionStore) 
2024-06-10 20:40:10.408 [main] INFO  c.fashion.server.ServerApplication - No active profile set, falling back to 1 default profile: "default" 
2024-06-10 20:40:11.338 [main] INFO  o.s.d.r.c.RepositoryConfigurationDelegate - Bootstrapping Spring Data JPA repositories in DEFAULT mode. 
2024-06-10 20:40:11.424 [main] INFO  o.s.d.r.c.RepositoryConfigurationDelegate - Finished Spring Data repository scanning in 75 ms. Found 3 JPA repository interfaces. 
2024-06-10 20:40:12.134 [main] INFO  o.s.b.w.e.tomcat.TomcatWebServer - Tomcat initialized with port 8080 (http) 
2024-06-10 20:40:12.145 [main] INFO  o.a.coyote.http11.Http11NioProtocol - Initializing ProtocolHandler ["http-nio-8080"] 
2024-06-10 20:40:12.148 [main] INFO  o.a.catalina.core.StandardService - Starting service [Tomcat] 
2024-06-10 20:40:12.148 [main] INFO  o.a.catalina.core.StandardEngine - Starting Servlet engine: [Apache Tomcat/10.1.24] 
2024-06-10 20:40:12.230 [main] INFO  o.a.c.c.C.[Tomcat].[localhost].[/] - Initializing Spring embedded WebApplicationContext 
2024-06-10 20:40:12.231 [main] INFO  o.s.b.w.s.c.ServletWebServerApplicationContext - Root WebApplicationContext: initialization completed in 1768 ms 
2024-06-10 20:40:12.444 [main] INFO  o.h.jpa.internal.util.LogHelper - HHH000204: Processing PersistenceUnitInfo [name: default] 
2024-06-10 20:40:12.508 [main] INFO  org.hibernate.Version - HHH000412: Hibernate ORM core version 6.5.2.Final 
2024-06-10 20:40:12.553 [main] INFO  o.h.c.i.RegionFactoryInitiator - HHH000026: Second-level cache disabled 
2024-06-10 20:40:12.898 [main] INFO  o.s.o.j.p.SpringPersistenceUnitInfo - No LoadTimeWeaver setup: ignoring JPA class transformer 
2024-06-10 20:40:12.923 [main] INFO  com.zaxxer.hikari.HikariDataSource - HikariPool-1 - Starting... 
2024-06-10 20:40:13.753 [main] INFO  com.zaxxer.hikari.pool.HikariPool - HikariPool-1 - Added connection org.postgresql.jdbc.PgConnection@312f3050 
2024-06-10 20:40:13.754 [main] INFO  com.zaxxer.hikari.HikariDataSource - HikariPool-1 - Start completed. 
2024-06-10 20:40:13.831 [main] WARN  org.hibernate.orm.deprecation - HHH90000025: PostgreSQLDialect does not need to be specified explicitly using 'hibernate.dialect' (remove the property setting and it will be selected by default) 
2024-06-10 20:40:14.933 [main] INFO  o.h.e.t.j.p.i.JtaPlatformInitiator - HHH000489: No JTA platform available (set 'hibernate.transaction.jta.platform' to enable JTA platform integration) 
2024-06-10 20:40:15.556 [main] INFO  o.s.o.j.LocalContainerEntityManagerFactoryBean - Initialized JPA EntityManagerFactory for persistence unit 'default' 
2024-06-10 20:40:15.974 [main] INFO  o.s.d.j.r.query.QueryEnhancerFactory - Hibernate is in classpath; If applicable, HQL parser will be used. 
2024-06-10 20:40:16.593 [main] WARN  o.s.b.a.o.j.JpaBaseConfiguration$JpaWebConfiguration - spring.jpa.open-in-view is enabled by default. Therefore, database queries may be performed during view rendering. Explicitly configure spring.jpa.open-in-view to disable this warning 
2024-06-10 20:40:17.016 [main] INFO  o.a.coyote.http11.Http11NioProtocol - Starting ProtocolHandler ["http-nio-8080"] 
2024-06-10 20:40:17.036 [main] INFO  o.s.b.w.e.tomcat.TomcatWebServer - Tomcat started on port 8080 (http) with context path '/' 
2024-06-10 20:40:17.046 [main] INFO  c.fashion.server.ServerApplication - Started ServerApplication in 7.112 seconds (process running for 7.768) 
2024-06-10 20:40:33.299 [http-nio-8080-exec-2] INFO  o.a.c.c.C.[Tomcat].[localhost].[/] - Initializing Spring DispatcherServlet 'dispatcherServlet' 
2024-06-10 20:40:33.299 [http-nio-8080-exec-2] INFO  o.s.web.servlet.DispatcherServlet - Initializing Servlet 'dispatcherServlet' 
2024-06-10 20:40:33.300 [http-nio-8080-exec-2] INFO  o.s.web.servlet.DispatcherServlet - Completed initialization in 1 ms 
2024-06-10 20:40:33.541 [http-nio-8080-exec-2] ERROR c.f.server.services.ProductService - Product 300 not found 
2024-06-10 20:40:34.350 [http-nio-8080-exec-4] ERROR c.f.server.services.ProductService - Product 300 not found 
2024-06-10 20:40:35.127 [http-nio-8080-exec-1] ERROR c.f.server.services.ProductService - Product 300 not found 
2024-06-10 20:40:35.865 [http-nio-8080-exec-5] ERROR c.f.server.services.ProductService - Product 300 not found 
2024-06-10 20:40:36.385 [http-nio-8080-exec-6] ERROR c.f.server.services.ProductService - Product 300 not found 
2024-06-10 20:40:44.128 [http-nio-8080-exec-7] ERROR c.f.server.services.ProductService - Product 300 not found 
2024-06-10 20:40:45.130 [http-nio-8080-exec-8] ERROR c.f.server.services.ProductService - Product 300 not found 
2024-06-10 20:40:45.415 [http-nio-8080-exec-9] ERROR c.f.server.services.ProductService - Product 300 not found 
2024-06-10 20:40:45.722 [http-nio-8080-exec-10] ERROR c.f.server.services.ProductService - Product 300 not found 
2024-06-10 20:40:47.095 [http-nio-8080-exec-3] ERROR c.f.server.services.ProductService - Product 300 not found 
2024-06-10 20:40:47.821 [http-nio-8080-exec-2] ERROR c.f.server.services.ProductService - Product 300 not found 
2024-06-10 20:40:48.121 [http-nio-8080-exec-4] ERROR c.f.server.services.ProductService - Product 300 not found 
2024-06-10 20:40:49.554 [http-nio-8080-exec-1] ERROR c.f.server.services.ProductService - Product 300 not found 
2024-06-10 20:40:50.210 [http-nio-8080-exec-5] ERROR c.f.server.services.ProductService - Product 300 not found 
2024-06-10 20:40:51.586 [http-nio-8080-exec-6] ERROR c.f.server.services.ProductService - Product 300 not found 
2024-06-10 20:40:52.288 [http-nio-8080-exec-7] ERROR c.f.server.services.ProductService - Product 300 not found 
2024-06-10 20:41:08.226 [http-nio-8080-exec-8] ERROR c.f.server.services.ProductService - Product 300 not found 
2024-06-10 20:41:10.284 [http-nio-8080-exec-9] ERROR c.f.server.services.ProductService - Product 300 not found 
2024-06-10 20:41:10.576 [http-nio-8080-exec-10] ERROR c.f.server.services.ProductService - Product 300 not found 
2024-06-10 20:41:11.683 [http-nio-8080-exec-3] ERROR c.f.server.services.ProductService - Product 300 not found 
2024-06-10 20:41:24.276 [http-nio-8080-exec-2] ERROR c.f.server.services.ProductService - Product 300 not found 
2024-06-10 20:41:25.114 [http-nio-8080-exec-4] ERROR c.f.server.services.ProductService - Product 300 not found 
2024-06-10 20:41:28.880 [http-nio-8080-exec-1] ERROR c.f.server.services.ProductService - Product 300 not found 
2024-06-10 20:41:29.607 [http-nio-8080-exec-5] ERROR c.f.server.services.ProductService - Product 300 not found 
2024-06-10 20:41:32.072 [http-nio-8080-exec-6] ERROR c.f.server.services.ProductService - Product 34 not found 
2024-06-10 20:41:32.979 [http-nio-8080-exec-7] ERROR c.f.server.services.ProductService - Product 34 not found 
2024-06-10 20:41:44.957 [http-nio-8080-exec-8] ERROR c.f.server.services.ProductService - Product 300 not found 
2024-06-10 20:41:45.304 [http-nio-8080-exec-10] ERROR c.f.server.services.ProductService - Product 300 not found 
2024-06-10 20:41:45.665 [http-nio-8080-exec-3] ERROR c.f.server.services.ProductService - Product 300 not found 
2024-06-10 20:41:48.046 [http-nio-8080-exec-2] ERROR c.f.server.services.ProductService - Product 34 not found 
2024-06-10 20:41:48.731 [http-nio-8080-exec-4] ERROR c.f.server.services.ProductService - Product 34 not found 
2024-06-10 20:41:49.031 [http-nio-8080-exec-1] ERROR c.f.server.services.ProductService - Product 34 not found 
2024-06-10 20:41:54.776 [http-nio-8080-exec-5] ERROR c.f.server.services.ProductService - Product 34 not found 
2024-06-10 20:41:55.477 [http-nio-8080-exec-6] ERROR c.f.server.services.ProductService - Product 34 not found 
2024-06-10 20:42:03.857 [http-nio-8080-exec-7] ERROR c.f.server.services.ProductService - Product 34 not found 
2024-06-10 20:42:04.620 [http-nio-8080-exec-8] ERROR c.f.server.services.ProductService - Product 34 not found 
2024-06-10 20:42:05.351 [http-nio-8080-exec-9] ERROR c.f.server.services.ProductService - Product 34 not found 
2024-06-10 20:42:06.488 [http-nio-8080-exec-10] ERROR c.f.server.services.ProductService - Product 34 not found 
2024-06-10 20:42:07.552 [http-nio-8080-exec-3] ERROR c.f.server.services.ProductService - Product 34 not found 
2024-06-10 20:42:08.952 [http-nio-8080-exec-2] ERROR c.f.server.services.ProductService - Product 34 not found 
2024-06-10 20:42:09.240 [http-nio-8080-exec-4] ERROR c.f.server.services.ProductService - Product 34 not found 
2024-06-10 20:42:11.880 [http-nio-8080-exec-1] ERROR c.f.server.services.ProductService - Product 34 not found 
2024-06-10 20:42:12.661 [http-nio-8080-exec-5] ERROR c.f.server.services.ProductService - Product 34 not found 
2024-06-10 20:42:13.295 [http-nio-8080-exec-6] ERROR c.f.server.services.ProductService - Product 34 not found 
2024-06-10 20:42:13.938 [http-nio-8080-exec-7] ERROR c.f.server.services.ProductService - Product 34 not found 
2024-06-10 20:42:14.383 [http-nio-8080-exec-8] ERROR c.f.server.services.ProductService - Product 34 not found 
2024-06-10 20:42:15.765 [http-nio-8080-exec-9] ERROR c.f.server.services.ProductService - Product 34 not found 
2024-06-10 20:42:17.134 [http-nio-8080-exec-3] ERROR c.f.server.services.ProductService - Product 34 not found 
2024-06-10 20:42:21.168 [http-nio-8080-exec-4] ERROR c.f.server.services.ProductService - Product 300 not found 
2024-06-10 20:42:21.479 [http-nio-8080-exec-1] ERROR c.f.server.services.ProductService - Product 300 not found 
2024-06-10 20:42:22.507 [http-nio-8080-exec-5] ERROR c.f.server.services.ProductService - Product 300 not found 
2024-06-10 20:42:29.757 [http-nio-8080-exec-6] ERROR c.f.server.services.ProductService - Product 300 not found 
2024-06-10 20:42:30.319 [http-nio-8080-exec-7] ERROR c.f.server.services.ProductService - Product 300 not found 
2024-06-10 20:42:30.887 [http-nio-8080-exec-8] ERROR c.f.server.services.ProductService - Product 300 not found 
2024-06-10 20:42:31.414 [http-nio-8080-exec-9] ERROR c.f.server.services.ProductService - Product 300 not found 
2024-06-10 20:42:31.822 [http-nio-8080-exec-3] ERROR c.f.server.services.ProductService - Product 300 not found 
2024-06-10 20:42:32.189 [http-nio-8080-exec-2] ERROR c.f.server.services.ProductService - Product 300 not found 
2024-06-10 20:42:32.549 [http-nio-8080-exec-4] ERROR c.f.server.services.ProductService - Product 300 not found 
2024-06-10 20:42:34.546 [http-nio-8080-exec-1] ERROR c.f.server.services.ProductService - Product 300 not found 
2024-06-10 20:42:34.818 [http-nio-8080-exec-5] ERROR c.f.server.services.ProductService - Product 300 not found 
2024-06-10 20:42:37.954 [http-nio-8080-exec-6] ERROR c.f.server.services.ProductService - Product 300 not found 
2024-06-10 20:42:39.011 [http-nio-8080-exec-7] ERROR c.f.server.services.ProductService - Product 300 not found 
2024-06-10 20:42:46.224 [http-nio-8080-exec-8] ERROR c.f.server.services.ProductService - Product 300 not found 
2024-06-10 20:42:47.011 [http-nio-8080-exec-9] ERROR c.f.server.services.ProductService - Product 300 not found 
2024-06-10 20:42:47.543 [http-nio-8080-exec-10] ERROR c.f.server.services.ProductService - Product 300 not found 
2024-06-10 20:42:48.090 [http-nio-8080-exec-3] ERROR c.f.server.services.ProductService - Product 300 not found 
2024-06-10 20:42:48.611 [http-nio-8080-exec-2] ERROR c.f.server.services.ProductService - Product 300 not found 
2024-06-10 20:42:52.047 [http-nio-8080-exec-4] ERROR c.f.server.services.ProductService - Product 300 not found 
2024-06-10 20:42:52.473 [http-nio-8080-exec-1] ERROR c.f.server.services.ProductService - Product 300 not found 
2024-06-10 20:42:53.020 [http-nio-8080-exec-5] ERROR c.f.server.services.ProductService - Product 300 not found 
2024-06-10 20:42:53.538 [http-nio-8080-exec-6] ERROR c.f.server.services.ProductService - Product 300 not found 
2024-06-10 20:42:54.190 [http-nio-8080-exec-7] ERROR c.f.server.services.ProductService - Product 300 not found 
2024-06-10 20:42:57.252 [http-nio-8080-exec-8] ERROR c.f.server.services.ProductService - Product 300 not found 
2024-06-10 20:42:57.790 [http-nio-8080-exec-10] ERROR c.f.server.services.ProductService - Product 300 not found 
2024-06-10 20:42:59.170 [http-nio-8080-exec-3] ERROR c.f.server.services.ProductService - Product 300 not found 
2024-06-10 20:42:59.479 [http-nio-8080-exec-4] ERROR c.f.server.services.ProductService - Product 300 not found 
2024-06-10 20:43:02.884 [http-nio-8080-exec-1] ERROR c.f.server.services.ProductService - Product 300 not found 
2024-06-10 20:43:08.945 [http-nio-8080-exec-5] ERROR c.f.server.services.ProductService - Product 300 not found 
