2024-06-13 20:05:50.219 [background-preinit] INFO  o.h.validator.internal.util.Version - HV000001: Hibernate Validator 8.0.1.Final 
2024-06-13 20:05:50.321 [main] INFO  c.fashion.server.ServerApplication - Starting ServerApplication using Java 17.0.10 with PID 14576 (D:\Myproject\FashionStore\server\target\classes started by Truong Bui in D:\Myproject\FashionStore) 
2024-06-13 20:05:50.323 [main] INFO  c.fashion.server.ServerApplication - No active profile set, falling back to 1 default profile: "default" 
2024-06-13 20:05:52.383 [main] INFO  o.s.d.r.c.RepositoryConfigurationDelegate - Multiple Spring Data modules found, entering strict repository configuration mode 
2024-06-13 20:05:52.385 [main] INFO  o.s.d.r.c.RepositoryConfigurationDelegate - Bootstrapping Spring Data JPA repositories in DEFAULT mode. 
2024-06-13 20:05:52.652 [main] INFO  o.s.d.r.c.RepositoryConfigurationDelegate - Finished Spring Data repository scanning in 254 ms. Found 3 JPA repository interfaces. 
2024-06-13 20:05:52.681 [main] INFO  o.s.d.r.c.RepositoryConfigurationDelegate - Multiple Spring Data modules found, entering strict repository configuration mode 
2024-06-13 20:05:52.683 [main] INFO  o.s.d.r.c.RepositoryConfigurationDelegate - Bootstrapping Spring Data Redis repositories in DEFAULT mode. 
2024-06-13 20:05:52.715 [main] INFO  o.s.d.r.c.RepositoryConfigurationExtensionSupport - Spring Data Redis - Could not safely identify store assignment for repository candidate interface com.fashion.server.repositories.CategoryRepository; If you want this repository to be a Redis repository, consider annotating your entities with one of these annotations: org.springframework.data.redis.core.RedisHash (preferred), or consider extending one of the following types with your repository: org.springframework.data.keyvalue.repository.KeyValueRepository 
2024-06-13 20:05:52.716 [main] INFO  o.s.d.r.c.RepositoryConfigurationExtensionSupport - Spring Data Redis - Could not safely identify store assignment for repository candidate interface com.fashion.server.repositories.ProductImageRepository; If you want this repository to be a Redis repository, consider annotating your entities with one of these annotations: org.springframework.data.redis.core.RedisHash (preferred), or consider extending one of the following types with your repository: org.springframework.data.keyvalue.repository.KeyValueRepository 
2024-06-13 20:05:52.718 [main] INFO  o.s.d.r.c.RepositoryConfigurationExtensionSupport - Spring Data Redis - Could not safely identify store assignment for repository candidate interface com.fashion.server.repositories.ProductRepository; If you want this repository to be a Redis repository, consider annotating your entities with one of these annotations: org.springframework.data.redis.core.RedisHash (preferred), or consider extending one of the following types with your repository: org.springframework.data.keyvalue.repository.KeyValueRepository 
2024-06-13 20:05:52.718 [main] INFO  o.s.d.r.c.RepositoryConfigurationDelegate - Finished Spring Data repository scanning in 14 ms. Found 0 Redis repository interfaces. 
2024-06-13 20:05:53.889 [main] INFO  o.s.b.w.e.tomcat.TomcatWebServer - Tomcat initialized with port 8080 (http) 
2024-06-13 20:05:53.904 [main] INFO  o.a.coyote.http11.Http11NioProtocol - Initializing ProtocolHandler ["http-nio-8080"] 
2024-06-13 20:05:53.907 [main] INFO  o.a.catalina.core.StandardService - Starting service [Tomcat] 
2024-06-13 20:05:53.907 [main] INFO  o.a.catalina.core.StandardEngine - Starting Servlet engine: [Apache Tomcat/10.1.24] 
2024-06-13 20:05:54.035 [main] INFO  o.a.c.c.C.[Tomcat].[localhost].[/] - Initializing Spring embedded WebApplicationContext 
2024-06-13 20:05:54.036 [main] INFO  o.s.b.w.s.c.ServletWebServerApplicationContext - Root WebApplicationContext: initialization completed in 3583 ms 
2024-06-13 20:05:54.288 [main] INFO  o.h.jpa.internal.util.LogHelper - HHH000204: Processing PersistenceUnitInfo [name: default] 
2024-06-13 20:05:54.385 [main] INFO  org.hibernate.Version - HHH000412: Hibernate ORM core version 6.5.2.Final 
2024-06-13 20:05:54.441 [main] INFO  o.h.c.i.RegionFactoryInitiator - HHH000026: Second-level cache disabled 
2024-06-13 20:05:54.933 [main] INFO  o.s.o.j.p.SpringPersistenceUnitInfo - No LoadTimeWeaver setup: ignoring JPA class transformer 
2024-06-13 20:05:54.970 [main] INFO  com.zaxxer.hikari.HikariDataSource - HikariPool-1 - Starting... 
2024-06-13 20:05:56.694 [main] INFO  com.zaxxer.hikari.pool.HikariPool - HikariPool-1 - Added connection org.postgresql.jdbc.PgConnection@54687fd0 
2024-06-13 20:05:56.696 [main] INFO  com.zaxxer.hikari.HikariDataSource - HikariPool-1 - Start completed. 
2024-06-13 20:05:56.834 [main] WARN  org.hibernate.orm.deprecation - HHH90000025: PostgreSQLDialect does not need to be specified explicitly using 'hibernate.dialect' (remove the property setting and it will be selected by default) 
2024-06-13 20:05:58.271 [main] INFO  o.h.e.t.j.p.i.JtaPlatformInitiator - HHH000489: No JTA platform available (set 'hibernate.transaction.jta.platform' to enable JTA platform integration) 
2024-06-13 20:05:59.058 [main] INFO  o.s.o.j.LocalContainerEntityManagerFactoryBean - Initialized JPA EntityManagerFactory for persistence unit 'default' 
2024-06-13 20:05:59.543 [main] INFO  o.s.d.j.r.query.QueryEnhancerFactory - Hibernate is in classpath; If applicable, HQL parser will be used. 
2024-06-13 20:06:01.421 [main] WARN  o.s.b.a.o.j.JpaBaseConfiguration$JpaWebConfiguration - spring.jpa.open-in-view is enabled by default. Therefore, database queries may be performed during view rendering. Explicitly configure spring.jpa.open-in-view to disable this warning 
2024-06-13 20:06:02.264 [main] INFO  o.a.coyote.http11.Http11NioProtocol - Starting ProtocolHandler ["http-nio-8080"] 
2024-06-13 20:06:02.302 [main] INFO  o.s.b.w.e.tomcat.TomcatWebServer - Tomcat started on port 8080 (http) with context path '/' 
2024-06-13 20:06:02.317 [main] INFO  c.fashion.server.ServerApplication - Started ServerApplication in 12.758 seconds (process running for 13.867) 
2024-06-13 20:06:16.884 [http-nio-8080-exec-2] INFO  o.a.c.c.C.[Tomcat].[localhost].[/] - Initializing Spring DispatcherServlet 'dispatcherServlet' 
2024-06-13 20:06:16.885 [http-nio-8080-exec-2] INFO  o.s.web.servlet.DispatcherServlet - Initializing Servlet 'dispatcherServlet' 
2024-06-13 20:06:16.888 [http-nio-8080-exec-2] INFO  o.s.web.servlet.DispatcherServlet - Completed initialization in 3 ms 
2024-06-13 20:25:06.628 [http-nio-8080-exec-1] WARN  com.zaxxer.hikari.pool.PoolBase - HikariPool-1 - Failed to validate connection org.postgresql.jdbc.PgConnection@54687fd0 (This connection has been closed.). Possibly consider using a shorter maxLifetime value. 
2024-06-13 20:25:06.696 [http-nio-8080-exec-1] WARN  com.zaxxer.hikari.pool.PoolBase - HikariPool-1 - Failed to validate connection org.postgresql.jdbc.PgConnection@7d7f325d (This connection has been closed.). Possibly consider using a shorter maxLifetime value. 
2024-06-13 20:25:06.699 [http-nio-8080-exec-1] WARN  com.zaxxer.hikari.pool.PoolBase - HikariPool-1 - Failed to validate connection org.postgresql.jdbc.PgConnection@19de2e9d (This connection has been closed.). Possibly consider using a shorter maxLifetime value. 
2024-06-13 20:25:06.701 [http-nio-8080-exec-1] WARN  com.zaxxer.hikari.pool.PoolBase - HikariPool-1 - Failed to validate connection org.postgresql.jdbc.PgConnection@1c272b7 (This connection has been closed.). Possibly consider using a shorter maxLifetime value. 
2024-06-13 20:25:06.703 [http-nio-8080-exec-1] WARN  com.zaxxer.hikari.pool.PoolBase - HikariPool-1 - Failed to validate connection org.postgresql.jdbc.PgConnection@e092435 (This connection has been closed.). Possibly consider using a shorter maxLifetime value. 
2024-06-13 20:25:06.707 [http-nio-8080-exec-1] WARN  com.zaxxer.hikari.pool.PoolBase - HikariPool-1 - Failed to validate connection org.postgresql.jdbc.PgConnection@ae01273 (This connection has been closed.). Possibly consider using a shorter maxLifetime value. 
2024-06-13 20:25:06.710 [http-nio-8080-exec-1] WARN  com.zaxxer.hikari.pool.PoolBase - HikariPool-1 - Failed to validate connection org.postgresql.jdbc.PgConnection@62227f74 (This connection has been closed.). Possibly consider using a shorter maxLifetime value. 
2024-06-13 20:25:06.714 [http-nio-8080-exec-1] WARN  com.zaxxer.hikari.pool.PoolBase - HikariPool-1 - Failed to validate connection org.postgresql.jdbc.PgConnection@70e7ee4d (This connection has been closed.). Possibly consider using a shorter maxLifetime value. 
2024-06-13 20:25:06.717 [http-nio-8080-exec-1] WARN  com.zaxxer.hikari.pool.PoolBase - HikariPool-1 - Failed to validate connection org.postgresql.jdbc.PgConnection@378854e8 (This connection has been closed.). Possibly consider using a shorter maxLifetime value. 
2024-06-13 20:25:06.719 [http-nio-8080-exec-1] WARN  com.zaxxer.hikari.pool.PoolBase - HikariPool-1 - Failed to validate connection org.postgresql.jdbc.PgConnection@3df1bbe0 (This connection has been closed.). Possibly consider using a shorter maxLifetime value. 
2024-06-13 20:25:21.318 [SpringApplicationShutdownHook] INFO  o.s.o.j.LocalContainerEntityManagerFactoryBean - Closing JPA EntityManagerFactory for persistence unit 'default' 
2024-06-13 20:25:21.376 [SpringApplicationShutdownHook] INFO  com.zaxxer.hikari.HikariDataSource - HikariPool-1 - Shutdown initiated... 
2024-06-13 20:25:21.983 [SpringApplicationShutdownHook] INFO  com.zaxxer.hikari.HikariDataSource - HikariPool-1 - Shutdown completed. 
2024-06-13 20:26:42.045 [background-preinit] INFO  o.h.validator.internal.util.Version - HV000001: Hibernate Validator 8.0.1.Final 
2024-06-13 20:26:42.125 [main] INFO  c.fashion.server.ServerApplication - Starting ServerApplication using Java 17.0.10 with PID 16020 (D:\Myproject\FashionStore\server\target\classes started by Truong Bui in D:\Myproject\FashionStore) 
2024-06-13 20:26:42.126 [main] INFO  c.fashion.server.ServerApplication - No active profile set, falling back to 1 default profile: "default" 
2024-06-13 20:26:43.285 [main] INFO  o.s.d.r.c.RepositoryConfigurationDelegate - Multiple Spring Data modules found, entering strict repository configuration mode 
2024-06-13 20:26:43.287 [main] INFO  o.s.d.r.c.RepositoryConfigurationDelegate - Bootstrapping Spring Data JPA repositories in DEFAULT mode. 
2024-06-13 20:26:43.492 [main] INFO  o.s.d.r.c.RepositoryConfigurationDelegate - Finished Spring Data repository scanning in 193 ms. Found 3 JPA repository interfaces. 
2024-06-13 20:26:43.526 [main] INFO  o.s.d.r.c.RepositoryConfigurationDelegate - Multiple Spring Data modules found, entering strict repository configuration mode 
2024-06-13 20:26:43.528 [main] INFO  o.s.d.r.c.RepositoryConfigurationDelegate - Bootstrapping Spring Data Redis repositories in DEFAULT mode. 
2024-06-13 20:26:43.556 [main] INFO  o.s.d.r.c.RepositoryConfigurationExtensionSupport - Spring Data Redis - Could not safely identify store assignment for repository candidate interface com.fashion.server.repositories.CategoryRepository; If you want this repository to be a Redis repository, consider annotating your entities with one of these annotations: org.springframework.data.redis.core.RedisHash (preferred), or consider extending one of the following types with your repository: org.springframework.data.keyvalue.repository.KeyValueRepository 
2024-06-13 20:26:43.556 [main] INFO  o.s.d.r.c.RepositoryConfigurationExtensionSupport - Spring Data Redis - Could not safely identify store assignment for repository candidate interface com.fashion.server.repositories.ProductImageRepository; If you want this repository to be a Redis repository, consider annotating your entities with one of these annotations: org.springframework.data.redis.core.RedisHash (preferred), or consider extending one of the following types with your repository: org.springframework.data.keyvalue.repository.KeyValueRepository 
2024-06-13 20:26:43.557 [main] INFO  o.s.d.r.c.RepositoryConfigurationExtensionSupport - Spring Data Redis - Could not safely identify store assignment for repository candidate interface com.fashion.server.repositories.ProductRepository; If you want this repository to be a Redis repository, consider annotating your entities with one of these annotations: org.springframework.data.redis.core.RedisHash (preferred), or consider extending one of the following types with your repository: org.springframework.data.keyvalue.repository.KeyValueRepository 
2024-06-13 20:26:43.558 [main] INFO  o.s.d.r.c.RepositoryConfigurationDelegate - Finished Spring Data repository scanning in 12 ms. Found 0 Redis repository interfaces. 
2024-06-13 20:26:44.427 [main] INFO  o.s.b.w.e.tomcat.TomcatWebServer - Tomcat initialized with port 8080 (http) 
2024-06-13 20:26:44.441 [main] INFO  o.a.coyote.http11.Http11NioProtocol - Initializing ProtocolHandler ["http-nio-8080"] 
2024-06-13 20:26:44.445 [main] INFO  o.a.catalina.core.StandardService - Starting service [Tomcat] 
2024-06-13 20:26:44.445 [main] INFO  o.a.catalina.core.StandardEngine - Starting Servlet engine: [Apache Tomcat/10.1.24] 
2024-06-13 20:26:44.539 [main] INFO  o.a.c.c.C.[Tomcat].[localhost].[/] - Initializing Spring embedded WebApplicationContext 
2024-06-13 20:26:44.540 [main] INFO  o.s.b.w.s.c.ServletWebServerApplicationContext - Root WebApplicationContext: initialization completed in 2352 ms 
2024-06-13 20:26:44.788 [main] INFO  o.h.jpa.internal.util.LogHelper - HHH000204: Processing PersistenceUnitInfo [name: default] 
2024-06-13 20:26:44.878 [main] INFO  org.hibernate.Version - HHH000412: Hibernate ORM core version 6.5.2.Final 
2024-06-13 20:26:44.920 [main] INFO  o.h.c.i.RegionFactoryInitiator - HHH000026: Second-level cache disabled 
2024-06-13 20:26:45.313 [main] INFO  o.s.o.j.p.SpringPersistenceUnitInfo - No LoadTimeWeaver setup: ignoring JPA class transformer 
2024-06-13 20:26:45.354 [main] INFO  com.zaxxer.hikari.HikariDataSource - HikariPool-1 - Starting... 
2024-06-13 20:26:46.387 [main] INFO  com.zaxxer.hikari.pool.HikariPool - HikariPool-1 - Added connection org.postgresql.jdbc.PgConnection@56b66a26 
2024-06-13 20:26:46.389 [main] INFO  com.zaxxer.hikari.HikariDataSource - HikariPool-1 - Start completed. 
2024-06-13 20:26:46.504 [main] WARN  org.hibernate.orm.deprecation - HHH90000025: PostgreSQLDialect does not need to be specified explicitly using 'hibernate.dialect' (remove the property setting and it will be selected by default) 
2024-06-13 20:26:47.832 [main] INFO  o.h.e.t.j.p.i.JtaPlatformInitiator - HHH000489: No JTA platform available (set 'hibernate.transaction.jta.platform' to enable JTA platform integration) 
2024-06-13 20:26:48.725 [main] INFO  o.s.o.j.LocalContainerEntityManagerFactoryBean - Initialized JPA EntityManagerFactory for persistence unit 'default' 
2024-06-13 20:26:49.169 [main] INFO  o.s.d.j.r.query.QueryEnhancerFactory - Hibernate is in classpath; If applicable, HQL parser will be used. 
2024-06-13 20:26:50.291 [main] WARN  o.s.b.a.o.j.JpaBaseConfiguration$JpaWebConfiguration - spring.jpa.open-in-view is enabled by default. Therefore, database queries may be performed during view rendering. Explicitly configure spring.jpa.open-in-view to disable this warning 
2024-06-13 20:26:50.845 [main] INFO  o.a.coyote.http11.Http11NioProtocol - Starting ProtocolHandler ["http-nio-8080"] 
2024-06-13 20:26:50.868 [main] INFO  o.s.b.w.e.tomcat.TomcatWebServer - Tomcat started on port 8080 (http) with context path '/' 
2024-06-13 20:26:50.881 [main] INFO  c.fashion.server.ServerApplication - Started ServerApplication in 9.386 seconds (process running for 10.266) 
2024-06-13 20:26:54.045 [http-nio-8080-exec-2] INFO  o.a.c.c.C.[Tomcat].[localhost].[/] - Initializing Spring DispatcherServlet 'dispatcherServlet' 
2024-06-13 20:26:54.046 [http-nio-8080-exec-2] INFO  o.s.web.servlet.DispatcherServlet - Initializing Servlet 'dispatcherServlet' 
2024-06-13 20:26:54.048 [http-nio-8080-exec-2] INFO  o.s.web.servlet.DispatcherServlet - Completed initialization in 2 ms 
2024-06-13 20:43:48.608 [http-nio-8080-exec-8] WARN  com.zaxxer.hikari.pool.PoolBase - HikariPool-1 - Failed to validate connection org.postgresql.jdbc.PgConnection@309b0d14 (This connection has been closed.). Possibly consider using a shorter maxLifetime value. 
2024-06-13 20:43:48.608 [http-nio-8080-exec-9] WARN  com.zaxxer.hikari.pool.PoolBase - HikariPool-1 - Failed to validate connection org.postgresql.jdbc.PgConnection@56b66a26 (This connection has been closed.). Possibly consider using a shorter maxLifetime value. 
2024-06-13 20:43:48.770 [http-nio-8080-exec-9] WARN  com.zaxxer.hikari.pool.PoolBase - HikariPool-1 - Failed to validate connection org.postgresql.jdbc.PgConnection@687f6c07 (This connection has been closed.). Possibly consider using a shorter maxLifetime value. 
2024-06-13 20:43:48.775 [http-nio-8080-exec-8] WARN  com.zaxxer.hikari.pool.PoolBase - HikariPool-1 - Failed to validate connection org.postgresql.jdbc.PgConnection@575d4c83 (This connection has been closed.). Possibly consider using a shorter maxLifetime value. 
2024-06-13 20:43:48.779 [http-nio-8080-exec-9] WARN  com.zaxxer.hikari.pool.PoolBase - HikariPool-1 - Failed to validate connection org.postgresql.jdbc.PgConnection@3551865e (This connection has been closed.). Possibly consider using a shorter maxLifetime value. 
2024-06-13 20:43:48.783 [http-nio-8080-exec-8] WARN  com.zaxxer.hikari.pool.PoolBase - HikariPool-1 - Failed to validate connection org.postgresql.jdbc.PgConnection@3fc618d1 (This connection has been closed.). Possibly consider using a shorter maxLifetime value. 
2024-06-13 20:43:48.803 [http-nio-8080-exec-8] WARN  com.zaxxer.hikari.pool.PoolBase - HikariPool-1 - Failed to validate connection org.postgresql.jdbc.PgConnection@243ce5d4 (This connection has been closed.). Possibly consider using a shorter maxLifetime value. 
2024-06-13 20:43:48.805 [http-nio-8080-exec-9] WARN  com.zaxxer.hikari.pool.PoolBase - HikariPool-1 - Failed to validate connection org.postgresql.jdbc.PgConnection@74821bdc (This connection has been closed.). Possibly consider using a shorter maxLifetime value. 
2024-06-13 20:43:48.808 [http-nio-8080-exec-9] WARN  com.zaxxer.hikari.pool.PoolBase - HikariPool-1 - Failed to validate connection org.postgresql.jdbc.PgConnection@7d8fbe78 (This connection has been closed.). Possibly consider using a shorter maxLifetime value. 
2024-06-13 20:43:48.810 [http-nio-8080-exec-8] WARN  com.zaxxer.hikari.pool.PoolBase - HikariPool-1 - Failed to validate connection org.postgresql.jdbc.PgConnection@3697fc2d (This connection has been closed.). Possibly consider using a shorter maxLifetime value. 
2024-06-13 20:46:33.246 [SpringApplicationShutdownHook] INFO  o.s.o.j.LocalContainerEntityManagerFactoryBean - Closing JPA EntityManagerFactory for persistence unit 'default' 
2024-06-13 20:46:33.319 [SpringApplicationShutdownHook] INFO  com.zaxxer.hikari.HikariDataSource - HikariPool-1 - Shutdown initiated... 
2024-06-13 20:46:33.972 [SpringApplicationShutdownHook] INFO  com.zaxxer.hikari.HikariDataSource - HikariPool-1 - Shutdown completed. 
2024-06-13 20:47:01.992 [background-preinit] INFO  o.h.validator.internal.util.Version - HV000001: Hibernate Validator 8.0.1.Final 
2024-06-13 20:47:02.095 [main] INFO  c.fashion.server.ServerApplication - Starting ServerApplication using Java 17.0.10 with PID 5200 (D:\Myproject\FashionStore\server\target\classes started by Truong Bui in D:\Myproject\FashionStore) 
2024-06-13 20:47:02.097 [main] INFO  c.fashion.server.ServerApplication - No active profile set, falling back to 1 default profile: "default" 
2024-06-13 20:47:03.591 [main] INFO  o.s.d.r.c.RepositoryConfigurationDelegate - Multiple Spring Data modules found, entering strict repository configuration mode 
2024-06-13 20:47:03.604 [main] INFO  o.s.d.r.c.RepositoryConfigurationDelegate - Bootstrapping Spring Data JPA repositories in DEFAULT mode. 
2024-06-13 20:47:03.840 [main] INFO  o.s.d.r.c.RepositoryConfigurationDelegate - Finished Spring Data repository scanning in 218 ms. Found 3 JPA repository interfaces. 
2024-06-13 20:47:03.881 [main] INFO  o.s.d.r.c.RepositoryConfigurationDelegate - Multiple Spring Data modules found, entering strict repository configuration mode 
2024-06-13 20:47:03.884 [main] INFO  o.s.d.r.c.RepositoryConfigurationDelegate - Bootstrapping Spring Data Redis repositories in DEFAULT mode. 
2024-06-13 20:47:03.912 [main] INFO  o.s.d.r.c.RepositoryConfigurationExtensionSupport - Spring Data Redis - Could not safely identify store assignment for repository candidate interface com.fashion.server.repositories.CategoryRepository; If you want this repository to be a Redis repository, consider annotating your entities with one of these annotations: org.springframework.data.redis.core.RedisHash (preferred), or consider extending one of the following types with your repository: org.springframework.data.keyvalue.repository.KeyValueRepository 
2024-06-13 20:47:03.913 [main] INFO  o.s.d.r.c.RepositoryConfigurationExtensionSupport - Spring Data Redis - Could not safely identify store assignment for repository candidate interface com.fashion.server.repositories.ProductImageRepository; If you want this repository to be a Redis repository, consider annotating your entities with one of these annotations: org.springframework.data.redis.core.RedisHash (preferred), or consider extending one of the following types with your repository: org.springframework.data.keyvalue.repository.KeyValueRepository 
2024-06-13 20:47:03.914 [main] INFO  o.s.d.r.c.RepositoryConfigurationExtensionSupport - Spring Data Redis - Could not safely identify store assignment for repository candidate interface com.fashion.server.repositories.ProductRepository; If you want this repository to be a Redis repository, consider annotating your entities with one of these annotations: org.springframework.data.redis.core.RedisHash (preferred), or consider extending one of the following types with your repository: org.springframework.data.keyvalue.repository.KeyValueRepository 
2024-06-13 20:47:03.915 [main] INFO  o.s.d.r.c.RepositoryConfigurationDelegate - Finished Spring Data repository scanning in 11 ms. Found 0 Redis repository interfaces. 
2024-06-13 20:47:04.812 [main] INFO  o.s.b.w.e.tomcat.TomcatWebServer - Tomcat initialized with port 8080 (http) 
2024-06-13 20:47:04.827 [main] INFO  o.a.coyote.http11.Http11NioProtocol - Initializing ProtocolHandler ["http-nio-8080"] 
2024-06-13 20:47:04.831 [main] INFO  o.a.catalina.core.StandardService - Starting service [Tomcat] 
2024-06-13 20:47:04.831 [main] INFO  o.a.catalina.core.StandardEngine - Starting Servlet engine: [Apache Tomcat/10.1.24] 
2024-06-13 20:47:04.930 [main] INFO  o.a.c.c.C.[Tomcat].[localhost].[/] - Initializing Spring embedded WebApplicationContext 
2024-06-13 20:47:04.930 [main] INFO  o.s.b.w.s.c.ServletWebServerApplicationContext - Root WebApplicationContext: initialization completed in 2706 ms 
2024-06-13 20:47:05.175 [main] INFO  o.h.jpa.internal.util.LogHelper - HHH000204: Processing PersistenceUnitInfo [name: default] 
2024-06-13 20:47:05.271 [main] INFO  org.hibernate.Version - HHH000412: Hibernate ORM core version 6.5.2.Final 
2024-06-13 20:47:05.329 [main] INFO  o.h.c.i.RegionFactoryInitiator - HHH000026: Second-level cache disabled 
2024-06-13 20:47:05.752 [main] INFO  o.s.o.j.p.SpringPersistenceUnitInfo - No LoadTimeWeaver setup: ignoring JPA class transformer 
2024-06-13 20:47:05.788 [main] INFO  com.zaxxer.hikari.HikariDataSource - HikariPool-1 - Starting... 
2024-06-13 20:47:06.853 [main] INFO  com.zaxxer.hikari.pool.HikariPool - HikariPool-1 - Added connection org.postgresql.jdbc.PgConnection@105ffc58 
2024-06-13 20:47:06.855 [main] INFO  com.zaxxer.hikari.HikariDataSource - HikariPool-1 - Start completed. 
2024-06-13 20:47:06.972 [main] WARN  org.hibernate.orm.deprecation - HHH90000025: PostgreSQLDialect does not need to be specified explicitly using 'hibernate.dialect' (remove the property setting and it will be selected by default) 
2024-06-13 20:47:08.438 [main] INFO  o.h.e.t.j.p.i.JtaPlatformInitiator - HHH000489: No JTA platform available (set 'hibernate.transaction.jta.platform' to enable JTA platform integration) 
2024-06-13 20:47:09.371 [main] INFO  o.s.o.j.LocalContainerEntityManagerFactoryBean - Initialized JPA EntityManagerFactory for persistence unit 'default' 
2024-06-13 20:47:09.983 [main] INFO  o.s.d.j.r.query.QueryEnhancerFactory - Hibernate is in classpath; If applicable, HQL parser will be used. 
2024-06-13 20:47:11.497 [main] WARN  o.s.b.a.o.j.JpaBaseConfiguration$JpaWebConfiguration - spring.jpa.open-in-view is enabled by default. Therefore, database queries may be performed during view rendering. Explicitly configure spring.jpa.open-in-view to disable this warning 
2024-06-13 20:47:12.200 [main] INFO  o.a.coyote.http11.Http11NioProtocol - Starting ProtocolHandler ["http-nio-8080"] 
2024-06-13 20:47:12.257 [main] INFO  o.s.b.w.e.tomcat.TomcatWebServer - Tomcat started on port 8080 (http) with context path '/' 
2024-06-13 20:47:12.279 [main] INFO  c.fashion.server.ServerApplication - Started ServerApplication in 11.04 seconds (process running for 12.108) 
2024-06-13 20:48:38.022 [HikariPool-1 housekeeper] WARN  com.zaxxer.hikari.pool.HikariPool - HikariPool-1 - Thread starvation or clock leap detected (housekeeper delta=1m1s165ms816µs700ns). 
2024-06-13 20:54:05.151 [http-nio-8080-exec-2] INFO  o.a.c.c.C.[Tomcat].[localhost].[/] - Initializing Spring DispatcherServlet 'dispatcherServlet' 
2024-06-13 20:54:05.158 [http-nio-8080-exec-2] INFO  o.s.web.servlet.DispatcherServlet - Initializing Servlet 'dispatcherServlet' 
2024-06-13 20:54:05.239 [http-nio-8080-exec-2] INFO  o.s.web.servlet.DispatcherServlet - Completed initialization in 79 ms 
2024-06-13 20:54:05.605 [http-nio-8080-exec-1] WARN  com.zaxxer.hikari.pool.PoolBase - HikariPool-1 - Failed to validate connection org.postgresql.jdbc.PgConnection@105ffc58 (This connection has been closed.). Possibly consider using a shorter maxLifetime value. 
2024-06-13 20:54:05.611 [http-nio-8080-exec-1] WARN  com.zaxxer.hikari.pool.PoolBase - HikariPool-1 - Failed to validate connection org.postgresql.jdbc.PgConnection@1ceb8bb5 (This connection has been closed.). Possibly consider using a shorter maxLifetime value. 
2024-06-13 20:54:05.615 [http-nio-8080-exec-1] WARN  com.zaxxer.hikari.pool.PoolBase - HikariPool-1 - Failed to validate connection org.postgresql.jdbc.PgConnection@1056f61d (This connection has been closed.). Possibly consider using a shorter maxLifetime value. 
2024-06-13 20:54:05.618 [http-nio-8080-exec-1] WARN  com.zaxxer.hikari.pool.PoolBase - HikariPool-1 - Failed to validate connection org.postgresql.jdbc.PgConnection@c59ca85 (This connection has been closed.). Possibly consider using a shorter maxLifetime value. 
2024-06-13 20:54:05.622 [http-nio-8080-exec-1] WARN  com.zaxxer.hikari.pool.PoolBase - HikariPool-1 - Failed to validate connection org.postgresql.jdbc.PgConnection@461ad31c (This connection has been closed.). Possibly consider using a shorter maxLifetime value. 
2024-06-13 20:54:05.624 [http-nio-8080-exec-1] WARN  com.zaxxer.hikari.pool.PoolBase - HikariPool-1 - Failed to validate connection org.postgresql.jdbc.PgConnection@6ec5e49 (This connection has been closed.). Possibly consider using a shorter maxLifetime value. 
2024-06-13 20:54:05.627 [http-nio-8080-exec-1] WARN  com.zaxxer.hikari.pool.PoolBase - HikariPool-1 - Failed to validate connection org.postgresql.jdbc.PgConnection@212db697 (This connection has been closed.). Possibly consider using a shorter maxLifetime value. 
2024-06-13 20:54:05.632 [http-nio-8080-exec-1] WARN  com.zaxxer.hikari.pool.PoolBase - HikariPool-1 - Failed to validate connection org.postgresql.jdbc.PgConnection@63624dd5 (This connection has been closed.). Possibly consider using a shorter maxLifetime value. 
2024-06-13 20:54:05.683 [http-nio-8080-exec-1] WARN  com.zaxxer.hikari.pool.PoolBase - HikariPool-1 - Failed to validate connection org.postgresql.jdbc.PgConnection@73f0e096 (This connection has been closed.). Possibly consider using a shorter maxLifetime value. 
2024-06-13 20:54:05.685 [http-nio-8080-exec-1] WARN  com.zaxxer.hikari.pool.PoolBase - HikariPool-1 - Failed to validate connection org.postgresql.jdbc.PgConnection@170af6b7 (This connection has been closed.). Possibly consider using a shorter maxLifetime value. 
2024-06-13 20:56:19.612 [http-nio-8080-exec-4] WARN  com.zaxxer.hikari.pool.PoolBase - HikariPool-1 - Failed to validate connection org.postgresql.jdbc.PgConnection@3c39f8cc (This connection has been closed.). Possibly consider using a shorter maxLifetime value. 
2024-06-13 20:56:20.553 [http-nio-8080-exec-4] ERROR c.f.server.services.ProductService - Product Converse Chuck 70 already exists 
2024-06-13 21:07:45.492 [http-nio-8080-exec-1] WARN  com.zaxxer.hikari.pool.PoolBase - HikariPool-1 - Failed to validate connection org.postgresql.jdbc.PgConnection@fa3ca23 (This connection has been closed.). Possibly consider using a shorter maxLifetime value. 
2024-06-13 21:07:45.492 [http-nio-8080-exec-4] WARN  com.zaxxer.hikari.pool.PoolBase - HikariPool-1 - Failed to validate connection org.postgresql.jdbc.PgConnection@5852c691 (This connection has been closed.). Possibly consider using a shorter maxLifetime value. 
2024-06-13 21:07:45.492 [http-nio-8080-exec-9] WARN  com.zaxxer.hikari.pool.PoolBase - HikariPool-1 - Failed to validate connection org.postgresql.jdbc.PgConnection@634a0c4f (This connection has been closed.). Possibly consider using a shorter maxLifetime value. 
2024-06-13 21:07:45.605 [http-nio-8080-exec-4] WARN  com.zaxxer.hikari.pool.PoolBase - HikariPool-1 - Failed to validate connection org.postgresql.jdbc.PgConnection@257bdfc (This connection has been closed.). Possibly consider using a shorter maxLifetime value. 
2024-06-13 21:07:45.605 [http-nio-8080-exec-9] WARN  com.zaxxer.hikari.pool.PoolBase - HikariPool-1 - Failed to validate connection org.postgresql.jdbc.PgConnection@323fe6ef (This connection has been closed.). Possibly consider using a shorter maxLifetime value. 
2024-06-13 21:07:45.605 [http-nio-8080-exec-1] WARN  com.zaxxer.hikari.pool.PoolBase - HikariPool-1 - Failed to validate connection org.postgresql.jdbc.PgConnection@466ec134 (This connection has been closed.). Possibly consider using a shorter maxLifetime value. 
2024-06-13 21:07:45.608 [http-nio-8080-exec-1] WARN  com.zaxxer.hikari.pool.PoolBase - HikariPool-1 - Failed to validate connection org.postgresql.jdbc.PgConnection@71709794 (This connection has been closed.). Possibly consider using a shorter maxLifetime value. 
2024-06-13 21:07:45.608 [http-nio-8080-exec-9] WARN  com.zaxxer.hikari.pool.PoolBase - HikariPool-1 - Failed to validate connection org.postgresql.jdbc.PgConnection@4fbbb757 (This connection has been closed.). Possibly consider using a shorter maxLifetime value. 
2024-06-13 21:07:45.609 [http-nio-8080-exec-4] WARN  com.zaxxer.hikari.pool.PoolBase - HikariPool-1 - Failed to validate connection org.postgresql.jdbc.PgConnection@74c36 (This connection has been closed.). Possibly consider using a shorter maxLifetime value. 
2024-06-13 21:07:45.611 [http-nio-8080-exec-1] WARN  com.zaxxer.hikari.pool.PoolBase - HikariPool-1 - Failed to validate connection org.postgresql.jdbc.PgConnection@6093a94b (This connection has been closed.). Possibly consider using a shorter maxLifetime value. 
2024-06-13 21:08:55.322 [http-nio-8080-exec-1] WARN  com.zaxxer.hikari.pool.PoolBase - HikariPool-1 - Failed to validate connection org.postgresql.jdbc.PgConnection@38e14e1d (This connection has been closed.). Possibly consider using a shorter maxLifetime value. 
2024-06-13 21:08:55.322 [http-nio-8080-exec-3] WARN  com.zaxxer.hikari.pool.PoolBase - HikariPool-1 - Failed to validate connection org.postgresql.jdbc.PgConnection@ed7b108 (This connection has been closed.). Possibly consider using a shorter maxLifetime value. 
2024-06-13 21:08:55.343 [http-nio-8080-exec-2] WARN  com.zaxxer.hikari.pool.PoolBase - HikariPool-1 - Failed to validate connection org.postgresql.jdbc.PgConnection@26947f6f (This connection has been closed.). Possibly consider using a shorter maxLifetime value. 
2024-06-13 21:11:04.590 [SpringApplicationShutdownHook] INFO  o.s.o.j.LocalContainerEntityManagerFactoryBean - Closing JPA EntityManagerFactory for persistence unit 'default' 
2024-06-13 21:11:04.636 [SpringApplicationShutdownHook] INFO  com.zaxxer.hikari.HikariDataSource - HikariPool-1 - Shutdown initiated... 
2024-06-13 21:11:05.696 [SpringApplicationShutdownHook] INFO  com.zaxxer.hikari.HikariDataSource - HikariPool-1 - Shutdown completed. 
